<?xml version="1.0" encoding="UTF-8"?>
<!-- Generated by org.testng.reporters.JUnitXMLReporter -->
<testsuite ignored="0" hostname="LTIN520434" failures="0" tests="10" name="Default test" time="0.089" errors="0" timestamp="2024-02-20T10:46:09 IST">
  <testcase classname="testBase.BaseClass" name="@BeforeClass setup" time="-1.708406169174E9">
    <failure type="org.testng.TestNGException" message="
Parameter &amp;apos;browser&amp;apos; is required by BeforeClass on method setup but has not been marked @Optional or defined
in C:\Users\2304077\AppData\Local\Temp\6\testng-eclipse-2141432317\testng-customsuite.xml">
      <![CDATA[org.testng.TestNGException: 
Parameter 'browser' is required by BeforeClass on method setup but has not been marked @Optional or defined
in C:\Users\2304077\AppData\Local\Temp\6\testng-eclipse-2141432317\testng-customsuite.xml
at org.testng.internal.Parameters.createParams(Parameters.java:267)
at org.testng.internal.Parameters.createParametersForMethod(Parameters.java:355)
at org.testng.internal.Parameters.createParameters(Parameters.java:684)
at org.testng.internal.Parameters.createConfigurationParameters(Parameters.java:166)
at org.testng.internal.invokers.ConfigInvoker.invokeConfigurations(ConfigInvoker.java:306)
at org.testng.internal.invokers.TestMethodWorker.invokeBeforeClassMethods(TestMethodWorker.java:180)
at org.testng.internal.invokers.TestMethodWorker.run(TestMethodWorker.java:122)
at java.base/java.util.ArrayList.forEach(ArrayList.java:1511)
at org.testng.TestRunner.privateRun(TestRunner.java:848)
at org.testng.TestRunner.run(TestRunner.java:621)
at org.testng.SuiteRunner.runTest(SuiteRunner.java:443)
at org.testng.SuiteRunner.runSequentially(SuiteRunner.java:437)
at org.testng.SuiteRunner.privateRun(SuiteRunner.java:397)
at org.testng.SuiteRunner.run(SuiteRunner.java:336)
at org.testng.SuiteRunnerWorker.runSuite(SuiteRunnerWorker.java:52)
at org.testng.SuiteRunnerWorker.run(SuiteRunnerWorker.java:95)
at org.testng.TestNG.runSuitesSequentially(TestNG.java:1280)
at org.testng.TestNG.runSuitesLocally(TestNG.java:1200)
at org.testng.TestNG.runSuites(TestNG.java:1114)
at org.testng.TestNG.run(TestNG.java:1082)
at org.testng.remote.AbstractRemoteTestNG.run(AbstractRemoteTestNG.java:115)
at org.testng.remote.RemoteTestNG.initAndRun(RemoteTestNG.java:251)
at org.testng.remote.RemoteTestNG.main(RemoteTestNG.java:77)
]]>
    </failure>
  </testcase> <!-- @BeforeClass setup -->
  <testcase classname="testBase.BaseClass" name="@AfterClass tearDown" time="0.0">
    <skipped/>
  </testcase> <!-- @AfterClass tearDown -->
  <testcase classname="testCases.TC_001_NewsTest" name="verify_userinfo" time="0.0">
    <skipped/>
  </testcase> <!-- verify_userinfo -->
  <testcase classname="testCases.TC_001_NewsTest" name="verify_news" time="0.0">
    <skipped/>
  </testcase> <!-- verify_news -->
  <testcase classname="testCases.TC_001_NewsTest" name="compare_news" time="0.0">
    <skipped/>
  </testcase> <!-- compare_news -->
  <testcase classname="testCases.TC_001_NewsTest" name="news1" time="0.0">
    <skipped/>
  </testcase> <!-- news1 -->
  <testcase classname="testCases.TC_001_NewsTest" name="news2" time="0.0">
    <skipped/>
  </testcase> <!-- news2 -->
  <testcase classname="testCases.TC_001_NewsTest" name="news3" time="0.001">
    <skipped/>
  </testcase> <!-- news3 -->
  <testcase classname="testCases.TC_001_NewsTest" name="news4" time="0.0">
    <skipped/>
  </testcase> <!-- news4 -->
  <testcase classname="testCases.TC_001_NewsTest" name="news5" time="0.0">
    <skipped/>
  </testcase> <!-- news5 -->
  <testcase classname="testCases.TC_001_NewsTest" name="scroll_apps" time="0.0">
    <skipped/>
  </testcase> <!-- scroll_apps -->
  <testcase classname="testCases.TC_001_NewsTest" name="apps_tools" time="0.0">
    <skipped/>
  </testcase> <!-- apps_tools -->
</testsuite> <!-- Default test -->
